\BOOKMARK [1][-]{section.1}{1. Estimation of the largest eigenvalues: an overview in the iid case}{}% 1
\BOOKMARK [2][-]{subsection.1.1}{1.1. The light-tailed case}{section.1}% 2
\BOOKMARK [2][-]{subsection.1.2}{1.2. The heavy-tailed case}{section.1}% 3
\BOOKMARK [2][-]{subsection.1.3}{1.3. Overview}{section.1}% 4
\BOOKMARK [1][-]{section.2}{2. General growth rates for pn in the iid heavy-tailed case}{}% 5
\BOOKMARK [2][-]{section*.1}{Growth conditions on \(pn\)}{section.2}% 6
\BOOKMARK [1][-]{section.3}{3. Introducing dependence between the rows and columns}{}% 7
\BOOKMARK [2][-]{subsection.3.1}{3.1. The model}{section.3}% 8
\BOOKMARK [2][-]{subsection.3.2}{3.2. Sample covariance and autocovariance matrices}{section.3}% 9
\BOOKMARK [2][-]{subsection.3.3}{3.3. More notation}{section.3}% 10
\BOOKMARK [2][-]{subsection.3.4}{3.4. Approximation of the singular values}{section.3}% 11
\BOOKMARK [2][-]{subsection.3.5}{3.5. Point process convergence}{section.3}% 12
\BOOKMARK [1][-]{section.4}{4. Some applications}{}% 13
\BOOKMARK [2][-]{subsection.4.1}{4.1. Sample covariance matrices}{section.4}% 14
\BOOKMARK [2][-]{subsection.4.2}{4.2. S\046P 500 data}{section.4}% 15
\BOOKMARK [2][-]{subsection.4.3}{4.3. Sums of squares of sample autocovariance matrices}{section.4}% 16
\BOOKMARK [1][-]{appendix.A}{Appendix A. Auxiliary results}{}% 17
\BOOKMARK [2][-]{subsection.A.1}{A.1. Large deviation results}{appendix.A}% 18
\BOOKMARK [2][-]{subsection.A.2}{A.2. A point process convergence result}{appendix.A}% 19
\BOOKMARK [1][-]{section*.11}{Acknowledgments}{}% 20
\BOOKMARK [1][-]{section*.12}{References}{}% 21
